2025-03-09 17:48:52,830 - __main__ - INFO - Starting ATC Whisper Model Training and Evaluation
2025-03-09 17:48:52,831 - __main__ - INFO - Generating aviation vocabulary...
2025-03-09 17:48:52,835 - __main__ - INFO - Generated 672 aviation vocabulary terms
2025-03-09 17:48:52,835 - __main__ - INFO - Generating 500 synthetic ATC samples...
2025-03-09 17:49:47,401 - __main__ - INFO - Generated 500 synthetic samples
2025-03-09 17:49:47,416 - __main__ - INFO - Initialized transcription database at data/atc_dataset\transcriptions.db
2025-03-09 17:49:47,417 - __main__ - INFO - Starting ATC model training...
2025-03-09 17:49:47,445 - __main__ - INFO - Training on 425 samples, validating on 75 samples
2025-03-09 17:53:58,061 - __main__ - INFO - Adapting tokenizer for aviation terminology...
2025-03-09 17:53:58,169 - __main__ - INFO - Added 449 aviation-specific tokens to tokenizer
2025-03-09 17:58:46,100 - __main__ - INFO - Starting ATC Whisper Model Training and Evaluation
2025-03-09 17:58:46,101 - __main__ - INFO - Generating aviation vocabulary...
2025-03-09 17:58:46,104 - __main__ - INFO - Generated 672 aviation vocabulary terms
2025-03-09 17:58:46,104 - __main__ - INFO - Generating 500 synthetic ATC samples...
2025-03-09 17:58:46,138 - __main__ - INFO - Generated 500 synthetic samples
2025-03-09 17:58:46,139 - __main__ - INFO - Deleting synthetic audio files...
2025-03-09 17:58:46,849 - __main__ - INFO - Initialized transcription database at data/atc_dataset\transcriptions.db
2025-03-09 17:58:46,850 - __main__ - INFO - Starting ATC model training...
2025-03-09 17:58:46,877 - __main__ - INFO - Training on 425 samples, validating on 75 samples
2025-03-09 17:58:49,047 - __main__ - INFO - Adapting tokenizer for aviation terminology...
2025-03-09 17:58:49,153 - __main__ - INFO - Added 449 aviation-specific tokens to tokenizer
2025-03-09 17:59:37,273 - __main__ - INFO - Starting ATC Whisper Model Training and Evaluation
2025-03-09 17:59:37,274 - __main__ - INFO - Generating aviation vocabulary...
2025-03-09 17:59:37,277 - __main__ - INFO - Generated 672 aviation vocabulary terms
2025-03-09 17:59:37,277 - __main__ - INFO - Generating 500 synthetic ATC samples...
2025-03-09 17:59:37,309 - __main__ - INFO - Generated 500 synthetic samples
2025-03-09 17:59:37,309 - __main__ - INFO - Deleting synthetic audio files...
2025-03-09 17:59:37,312 - __main__ - INFO - Initialized transcription database at data/atc_dataset\transcriptions.db
2025-03-09 17:59:37,312 - __main__ - INFO - Starting ATC model training...
2025-03-09 17:59:37,334 - __main__ - INFO - Training on 425 samples, validating on 75 samples
2025-03-09 17:59:39,171 - __main__ - INFO - Adapting tokenizer for aviation terminology...
2025-03-09 17:59:39,268 - __main__ - INFO - Added 449 aviation-specific tokens to tokenizer
2025-03-09 18:01:12,862 - __main__ - INFO - Starting ATC Whisper Model Training and Evaluation
2025-03-09 18:01:12,862 - __main__ - INFO - Generating aviation vocabulary...
2025-03-09 18:01:12,865 - __main__ - INFO - Generated 672 aviation vocabulary terms
2025-03-09 18:01:12,865 - __main__ - INFO - Generating 500 synthetic ATC samples...
2025-03-09 18:01:12,898 - __main__ - INFO - Generated 500 synthetic samples
2025-03-09 18:01:12,899 - __main__ - INFO - Deleting synthetic audio files...
2025-03-09 18:01:12,901 - __main__ - INFO - Initialized transcription database at data/atc_dataset\transcriptions.db
2025-03-09 18:01:12,901 - __main__ - INFO - Starting ATC model training...
2025-03-09 18:01:12,925 - __main__ - INFO - Training on 425 samples, validating on 75 samples
2025-03-09 18:01:14,915 - __main__ - INFO - Adapting tokenizer for aviation terminology...
2025-03-09 18:01:15,012 - __main__ - INFO - Added 449 aviation-specific tokens to tokenizer
2025-03-09 18:01:19,027 - __main__ - INFO - Starting training...
2025-03-09 18:03:17,669 - __main__ - INFO - Starting ATC Whisper Model Training and Evaluation
2025-03-09 18:03:17,670 - __main__ - INFO - Generating aviation vocabulary...
2025-03-09 18:03:17,673 - __main__ - INFO - Generated 672 aviation vocabulary terms
2025-03-09 18:04:43,771 - __main__ - INFO - Starting ATC Whisper Model Training and Evaluation
2025-03-09 18:04:43,772 - __main__ - INFO - Generating aviation vocabulary...
2025-03-09 18:04:43,775 - __main__ - INFO - Generated 672 aviation vocabulary terms
2025-03-09 18:04:43,829 - __main__ - INFO - Initialized transcription database at data/atc_dataset\transcriptions.db
2025-03-09 18:04:43,829 - __main__ - INFO - Starting ATC model training...
2025-03-09 18:04:43,860 - __main__ - INFO - Training on 425 samples, validating on 75 samples
2025-03-09 18:04:45,828 - __main__ - INFO - Adapting tokenizer for aviation terminology...
2025-03-09 18:04:45,944 - __main__ - INFO - Added 449 aviation-specific tokens to tokenizer
2025-03-09 18:04:48,215 - __main__ - INFO - Starting training...
2025-03-09 18:07:11,612 - __main__ - INFO - Starting ATC Whisper Model Training and Evaluation
2025-03-09 18:07:11,612 - __main__ - INFO - Generating aviation vocabulary...
2025-03-09 18:07:11,616 - __main__ - INFO - Generated 672 aviation vocabulary terms
2025-03-09 18:07:13,707 - __main__ - INFO - Initialized transcription database at data/atc_dataset\transcriptions.db
2025-03-09 18:07:13,707 - __main__ - INFO - Starting ATC model training...
2025-03-09 18:07:13,717 - __main__ - INFO - Training on 425 samples, validating on 75 samples
2025-03-09 18:07:16,198 - __main__ - INFO - Adapting tokenizer for aviation terminology...
2025-03-09 18:07:16,308 - __main__ - INFO - Added 449 aviation-specific tokens to tokenizer
2025-03-09 18:07:18,520 - __main__ - INFO - Starting training...
2025-03-09 18:19:25,190 - __main__ - INFO - Starting ATC Whisper Model Training and Evaluation
2025-03-09 18:19:25,191 - __main__ - INFO - Generating aviation vocabulary...
2025-03-09 18:19:25,194 - __main__ - INFO - Generated 672 aviation vocabulary terms
2025-03-09 18:19:27,326 - __main__ - INFO - Initialized transcription database at data/atc_dataset\transcriptions.db
2025-03-09 18:19:27,326 - __main__ - INFO - Starting ATC model training...
2025-03-09 18:19:27,337 - __main__ - INFO - Training on 425 samples, validating on 75 samples
2025-03-09 18:19:29,768 - __main__ - INFO - Adapting tokenizer for aviation terminology...
2025-03-09 18:19:29,875 - __main__ - INFO - Added 449 aviation-specific tokens to tokenizer
2025-03-09 18:19:34,515 - __main__ - INFO - Starting training...
2025-03-09 19:18:02,430 - __main__ - INFO - Starting ATC Whisper Model Training and Evaluation
2025-03-09 19:18:02,430 - __main__ - INFO - Generating aviation vocabulary...
2025-03-09 19:18:02,433 - __main__ - INFO - Generated 672 aviation vocabulary terms
2025-03-09 19:18:02,872 - __main__ - INFO - Initialized transcription database at data/atc_dataset\transcriptions.db
2025-03-09 19:18:02,872 - __main__ - INFO - Starting ATC model training...
2025-03-09 19:18:02,884 - __main__ - INFO - Training on 425 samples, validating on 75 samples
2025-03-09 19:18:05,221 - __main__ - INFO - Adapting tokenizer for aviation terminology...
2025-03-09 19:18:05,341 - __main__ - INFO - Added 449 aviation-specific tokens to tokenizer
2025-03-09 19:18:09,381 - __main__ - INFO - Starting training...
2025-03-12 18:24:45,298 - __main__ - INFO - Starting ATC Whisper Model Training and Evaluation
2025-03-12 18:24:45,298 - __main__ - INFO - Generating aviation vocabulary...
2025-03-12 18:24:45,303 - __main__ - INFO - Generated 672 aviation vocabulary terms
2025-03-12 18:24:45,763 - __main__ - INFO - Initialized transcription database at data/atc_dataset\transcriptions.db
2025-03-12 18:24:45,764 - __main__ - INFO - Starting ATC model training...
2025-03-12 18:24:45,814 - __main__ - INFO - Training on 425 samples, validating on 75 samples
2025-03-12 18:24:48,116 - __main__ - INFO - Adapting tokenizer for aviation terminology...
2025-03-12 18:24:48,231 - __main__ - INFO - Added 449 aviation-specific tokens to tokenizer
2025-03-12 18:24:52,523 - __main__ - INFO - Starting training...
2025-03-12 21:42:18,828 - __main__ - INFO - Loading Whisper model (tiny)...
2025-03-12 21:42:19,848 - __main__ - INFO - Model loaded successfully
2025-03-12 21:42:19,920 - __main__ - ERROR - Error in audio recording: Error opening InputStream: Unanticipated host error [PaErrorCode -9999]: 'Undefined external error.' [MME error 1]
2025-03-12 23:31:16,853 - __main__ - INFO - Starting ATC Whisper Model Training and Evaluation
2025-03-12 23:31:16,855 - __main__ - INFO - Generating aviation vocabulary...
2025-03-12 23:31:16,858 - __main__ - INFO - Generated 672 aviation vocabulary terms
2025-03-12 23:31:16,858 - __main__ - INFO - Generating 500 synthetic ATC samples...
2025-03-12 23:31:55,653 - __main__ - INFO - Generated 500 synthetic samples
2025-03-12 23:31:55,668 - __main__ - INFO - Initialized transcription database at data/atc_dataset\transcriptions.db
2025-03-12 23:31:55,668 - __main__ - INFO - Starting ATC model training...
2025-03-12 23:31:55,704 - __main__ - INFO - Training on 425 samples, validating on 75 samples
2025-03-12 23:32:07,091 - __main__ - INFO - Adapting tokenizer for aviation terminology...
2025-03-12 23:32:07,188 - __main__ - INFO - Added 449 aviation-specific tokens to tokenizer
2025-03-12 23:34:33,172 - __main__ - INFO - Starting ATC Whisper Model Training and Evaluation
2025-03-12 23:34:33,173 - __main__ - INFO - Generating aviation vocabulary...
2025-03-12 23:34:33,176 - __main__ - INFO - Generated 672 aviation vocabulary terms
2025-03-12 23:34:33,176 - __main__ - INFO - Generating 500 synthetic ATC samples...
2025-03-12 23:53:07,968 - __main__ - INFO - Starting ATC Whisper Model Training and Evaluation
2025-03-12 23:53:07,969 - __main__ - INFO - Generating aviation vocabulary...
2025-03-12 23:53:07,974 - __main__ - INFO - Generated 672 aviation vocabulary terms
2025-03-12 23:53:08,976 - __main__ - INFO - [Aviation Vocabulary Generation] Elapsed Time: 1.01s | Memory Usage: 615.11 MB | CPU Usage: 47.70%
2025-03-12 23:53:08,976 - __main__ - INFO - Generating 10 synthetic ATC samples...
2025-03-12 23:53:29,158 - __main__ - INFO - Generated 10 synthetic samples
2025-03-12 23:53:30,159 - __main__ - INFO - [Synthetic Data Generation] Elapsed Time: 21.18s | Memory Usage: 770.84 MB | CPU Usage: 40.80%
2025-03-12 23:53:30,177 - __main__ - INFO - Initialized transcription database at data/atc_dataset\transcriptions.db
2025-03-12 23:53:31,179 - __main__ - INFO - [Database Initialization] Elapsed Time: 1.02s | Memory Usage: 755.13 MB | CPU Usage: 27.30%
2025-03-12 23:53:31,179 - __main__ - INFO - Starting ATC model training...
2025-03-12 23:53:31,204 - __main__ - INFO - Training on 8 samples, validating on 2 samples
2025-03-12 23:53:45,873 - __main__ - INFO - Adapting tokenizer for aviation terminology...
2025-03-12 23:53:46,000 - __main__ - INFO - Added 449 aviation-specific tokens to tokenizer
2025-03-13 00:09:00,228 - __main__ - INFO - Starting ATC Whisper Model Training and Evaluation
2025-03-13 00:09:00,228 - __main__ - INFO - Generating aviation vocabulary...
2025-03-13 00:09:00,231 - __main__ - INFO - Generated 672 aviation vocabulary terms
2025-03-13 00:09:01,233 - __main__ - INFO - [Aviation Vocabulary Generation] Elapsed Time: 1.00s | Memory Usage: 614.20 MB | CPU Usage: 5.80%
2025-03-13 00:09:01,234 - __main__ - INFO - Generating 10 synthetic ATC samples...
2025-03-13 00:09:15,926 - __main__ - INFO - Generated 10 synthetic samples
2025-03-13 00:09:16,928 - __main__ - INFO - [Synthetic Data Generation] Elapsed Time: 15.69s | Memory Usage: 769.17 MB | CPU Usage: 23.00%
2025-03-13 00:09:16,931 - __main__ - INFO - Initialized transcription database at data/atc_dataset\transcriptions.db
2025-03-13 00:09:17,933 - __main__ - INFO - [Database Initialization] Elapsed Time: 1.01s | Memory Usage: 754.52 MB | CPU Usage: 14.50%
2025-03-13 00:09:17,933 - __main__ - INFO - Starting ATC model training...
2025-03-13 00:09:17,956 - __main__ - INFO - Training on 8 samples, validating on 2 samples
2025-03-13 00:09:26,597 - __main__ - INFO - Adapting tokenizer for aviation terminology...
2025-03-13 00:09:26,691 - __main__ - INFO - Added 449 aviation-specific tokens to tokenizer
2025-03-13 00:14:44,029 - __main__ - INFO - Starting ATC Whisper Model Training and Evaluation
2025-03-13 00:14:44,030 - __main__ - INFO - Generating aviation vocabulary...
2025-03-13 00:14:44,033 - __main__ - INFO - Generated 672 aviation vocabulary terms
2025-03-13 00:14:45,034 - __main__ - INFO - [Aviation Vocabulary Generation] Elapsed Time: 1.00s | Memory Usage: 613.92 MB | CPU Usage: 13.70%
2025-03-13 00:14:45,035 - __main__ - INFO - Generating 10 synthetic ATC samples...
2025-03-13 00:16:11,198 - __main__ - INFO - Starting ATC Whisper Model Training and Evaluation
2025-03-13 00:16:11,198 - __main__ - INFO - Generating aviation vocabulary...
2025-03-13 00:16:11,201 - __main__ - INFO - Generated 672 aviation vocabulary terms
2025-03-13 00:16:12,203 - __main__ - INFO - [Aviation Vocabulary Generation] Elapsed Time: 1.00s | Memory Usage: 615.57 MB | CPU Usage: 5.30%
2025-03-13 00:16:12,203 - __main__ - INFO - Generating 10 synthetic ATC samples...
2025-03-13 00:16:20,486 - __main__ - INFO - Generated 10 synthetic samples
2025-03-13 00:16:21,487 - __main__ - INFO - [Synthetic Data Generation] Elapsed Time: 9.28s | Memory Usage: 770.81 MB | CPU Usage: 29.50%
2025-03-13 00:16:21,501 - __main__ - INFO - Initialized transcription database at data/atc_dataset\transcriptions.db
2025-03-13 00:16:22,503 - __main__ - INFO - [Database Initialization] Elapsed Time: 1.01s | Memory Usage: 755.48 MB | CPU Usage: 49.60%
2025-03-13 00:16:22,503 - __main__ - INFO - Starting ATC model training...
2025-03-13 00:16:22,515 - __main__ - INFO - Training on 8 samples, validating on 2 samples
2025-03-13 00:16:24,562 - __main__ - INFO - Adapting tokenizer for aviation terminology...
2025-03-13 00:16:24,637 - __main__ - INFO - Added 449 aviation-specific tokens to tokenizer
2025-03-13 01:12:48,568 - datasets - INFO - PyTorch version 2.6.0 available.
2025-03-13 01:12:48,573 - datasets - INFO - TensorFlow version 2.18.0 available.
2025-03-13 01:12:49,178 - __main__ - INFO - Starting ATC Whisper Model Training and Evaluation
2025-03-13 01:12:49,178 - setup_directories - INFO - Directory ensured: data
2025-03-13 01:12:49,179 - setup_directories - INFO - Directory ensured: data\atc_dataset
2025-03-13 01:12:49,180 - setup_directories - INFO - Directory ensured: data\noise_samples
2025-03-13 01:12:49,181 - setup_directories - INFO - Directory ensured: data\augmented
2025-03-13 01:12:49,181 - setup_directories - INFO - Directory ensured: models
2025-03-13 01:12:49,182 - setup_directories - INFO - Directory ensured: models\atc_whisper
2025-03-13 01:12:49,182 - data_preparation - INFO - Generating aviation vocabulary...
2025-03-13 01:12:49,185 - data_preparation - INFO - Generated 672 aviation vocabulary terms
2025-03-13 01:12:50,187 - performance - INFO - [Aviation Vocabulary Generation] Elapsed Time: 1.00s | Memory Usage: 574.36 MB | CPU Usage: 4.90%
2025-03-13 01:12:50,187 - data_preparation - INFO - Generating 10 synthetic ATC samples...
2025-03-13 01:12:58,077 - data_preparation - INFO - Generated 10 synthetic samples
2025-03-13 01:12:59,078 - performance - INFO - [Synthetic Data Generation] Elapsed Time: 8.89s | Memory Usage: 733.46 MB | CPU Usage: 4.80%
2025-03-13 01:12:59,081 - database - INFO - Initialized transcription database at data\atc_dataset\transcriptions.db
2025-03-13 01:13:00,082 - performance - INFO - [Database Initialization] Elapsed Time: 1.00s | Memory Usage: 711.80 MB | CPU Usage: 7.30%
2025-03-13 01:13:00,082 - model_training - INFO - Starting ATC model training...
2025-03-13 01:13:00,103 - model_training - INFO - Training on 8 samples, validating on 2 samples
2025-03-13 01:13:09,950 - model_training - INFO - Adapting tokenizer for aviation terminology...
2025-03-13 01:13:10,013 - model_training - INFO - Added 449 aviation-specific tokens to tokenizer
2025-03-13 01:13:37,047 - datasets - INFO - PyTorch version 2.6.0 available.
2025-03-13 01:13:37,053 - datasets - INFO - TensorFlow version 2.18.0 available.
2025-03-13 01:13:53,190 - datasets - INFO - PyTorch version 2.6.0 available.
2025-03-13 01:13:53,195 - datasets - INFO - TensorFlow version 2.18.0 available.
2025-03-13 01:14:09,101 - datasets - INFO - PyTorch version 2.6.0 available.
2025-03-13 01:14:09,106 - datasets - INFO - TensorFlow version 2.18.0 available.
2025-03-13 01:35:02,402 - datasets - INFO - PyTorch version 2.6.0 available.
2025-03-13 01:35:02,407 - datasets - INFO - TensorFlow version 2.18.0 available.
2025-03-13 01:35:03,088 - __main__ - INFO - Starting ATC Whisper Model Training and Evaluation
2025-03-13 01:35:03,089 - setup_directories - INFO - Directory ensured: data
2025-03-13 01:35:03,089 - setup_directories - INFO - Directory ensured: data\atc_dataset
2025-03-13 01:35:03,090 - setup_directories - INFO - Directory ensured: data\noise_samples
2025-03-13 01:35:03,091 - setup_directories - INFO - Directory ensured: data\augmented
2025-03-13 01:35:03,091 - setup_directories - INFO - Directory ensured: models
2025-03-13 01:35:03,092 - setup_directories - INFO - Directory ensured: models\atc_whisper
2025-03-13 01:35:03,092 - data_preparation - INFO - Generating aviation vocabulary...
2025-03-13 01:35:03,095 - data_preparation - INFO - Generated 672 aviation vocabulary terms
2025-03-13 01:35:04,097 - performance - INFO - [Aviation Vocabulary Generation] Elapsed Time: 1.00s | Memory Usage: 578.15 MB | CPU Usage: 15.20%
2025-03-13 01:35:04,097 - data_preparation - INFO - Generating 10 synthetic ATC samples...
2025-03-13 01:35:12,931 - data_preparation - INFO - Generated 10 synthetic samples
2025-03-13 01:35:13,932 - performance - INFO - [Synthetic Data Generation] Elapsed Time: 9.83s | Memory Usage: 736.27 MB | CPU Usage: 3.60%
2025-03-13 01:35:13,938 - database - INFO - Initialized transcription database at data\atc_dataset\transcriptions.db
2025-03-13 01:35:14,939 - performance - INFO - [Database Initialization] Elapsed Time: 1.01s | Memory Usage: 718.01 MB | CPU Usage: 11.10%
2025-03-13 01:35:14,939 - model_training - INFO - Starting ATC model training...
2025-03-13 01:35:14,960 - model_training - INFO - Training on 8 samples, validating on 2 samples
2025-03-13 01:35:20,732 - model_training - INFO - Adapting tokenizer for aviation terminology...
2025-03-13 01:35:20,792 - model_training - INFO - Added 449 aviation-specific tokens to tokenizer
2025-03-13 01:35:41,556 - datasets - INFO - PyTorch version 2.6.0 available.
2025-03-13 01:35:41,560 - datasets - INFO - TensorFlow version 2.18.0 available.
2025-03-13 01:35:57,860 - datasets - INFO - PyTorch version 2.6.0 available.
2025-03-13 01:35:57,865 - datasets - INFO - TensorFlow version 2.18.0 available.
2025-03-13 01:36:15,595 - datasets - INFO - PyTorch version 2.6.0 available.
2025-03-13 01:36:15,601 - datasets - INFO - TensorFlow version 2.18.0 available.
2025-03-13 01:36:32,390 - datasets - INFO - PyTorch version 2.6.0 available.
2025-03-13 01:36:32,395 - datasets - INFO - TensorFlow version 2.18.0 available.
